<?xml version="1.0" encoding="UTF-8"?>
<!-- Generated by org.testng.reporters.JUnitReportReporter -->
<testsuite skipped="0" hostname="LAPTOP-G2P2MI3J" name="com.lemon.cases.UserInfoCase" tests="2" failures="0" timestamp="14 八月 2020 12:51:49 GMT" time="0.432" errors="0">
  <testcase name="test" time="0.154" classname="com.lemon.cases.UserInfoCase"/>
  <testcase name="test" time="0.278" classname="com.lemon.cases.UserInfoCase"/>
</testsuite> <!-- com.lemon.cases.UserInfoCase -->
